<?xml version="1.0" encoding="UTF-8"?>
<!-- Generated by org.testng.reporters.JUnitXMLReporter -->
<testsuite hostname="acer-PC" ignored="0" name="Free CRM APP Test Cases" tests="3" failures="0" timestamp="20 Apr 2018 10:50:17 GMT" time="100.712" errors="0">
  <testcase name="loginPageTitleTest" time="0.123" classname="com.crm.qa.testcases.LoginPageTest"/>
  <testcase name="crmLogoImageTest" time="0.157" classname="com.crm.qa.testcases.LoginPageTest"/>
  <testcase name="loginTest" time="11.495" classname="com.crm.qa.testcases.LoginPageTest"/>
</testsuite> <!-- Free CRM APP Test Cases -->
