<?xml version="1.0" encoding="UTF-8"?>
<!-- Generated by org.testng.reporters.JUnitXMLReporter -->
<testsuite hostname="acer-PC" ignored="0" name="Default test" tests="3" failures="0" timestamp="20 Apr 2018 10:11:09 GMT" time="74.985" errors="0">
  <testcase name="loginPageTitleTest" time="0.068" classname="com.crm.qa.testcases.LoginPageTest"/>
  <testcase name="crmLogoImageTest" time="0.253" classname="com.crm.qa.testcases.LoginPageTest"/>
  <testcase name="loginTest" time="11.578" classname="com.crm.qa.testcases.LoginPageTest"/>
</testsuite> <!-- Default test -->
