<?xml version="1.0" encoding="UTF-8"?>
<testng-results skipped="0" failed="0" ignored="0" total="3" passed="3">
  <reporter-output>
  </reporter-output>
  <suite name="FREE CRM Application Test Automation Test Suite" duration-ms="100712" started-at="2018-04-20T10:48:36Z" finished-at="2018-04-20T10:50:16Z">
    <groups>
    </groups>
    <test name="Free CRM APP Test Cases" duration-ms="100712" started-at="2018-04-20T10:48:36Z" finished-at="2018-04-20T10:50:16Z">
      <class name="com.crm.qa.testcases.LoginPageTest">
        <test-method status="PASS" signature="setUp()[pri:0, instance:com.crm.qa.testcases.LoginPageTest@ecd4b]" name="setUp" is-config="true" duration-ms="53005" started-at="2018-04-20T10:48:36Z" finished-at="2018-04-20T10:49:29Z">
          <reporter-output>
          </reporter-output>
        </test-method> <!-- setUp -->
        <test-method status="PASS" signature="loginPageTitleTest()[pri:1, instance:com.crm.qa.testcases.LoginPageTest@ecd4b]" name="loginPageTitleTest" duration-ms="123" started-at="2018-04-20T10:49:29Z" finished-at="2018-04-20T10:49:29Z">
          <reporter-output>
          </reporter-output>
        </test-method> <!-- loginPageTitleTest -->
        <test-method status="PASS" signature="tearDown()[pri:0, instance:com.crm.qa.testcases.LoginPageTest@ecd4b]" name="tearDown" is-config="true" duration-ms="1293" started-at="2018-04-20T10:49:29Z" finished-at="2018-04-20T10:49:30Z">
          <reporter-output>
          </reporter-output>
        </test-method> <!-- tearDown -->
        <test-method status="PASS" signature="setUp()[pri:0, instance:com.crm.qa.testcases.LoginPageTest@ecd4b]" name="setUp" is-config="true" duration-ms="19768" started-at="2018-04-20T10:49:30Z" finished-at="2018-04-20T10:49:50Z">
          <reporter-output>
          </reporter-output>
        </test-method> <!-- setUp -->
        <test-method status="PASS" signature="crmLogoImageTest()[pri:2, instance:com.crm.qa.testcases.LoginPageTest@ecd4b]" name="crmLogoImageTest" duration-ms="157" started-at="2018-04-20T10:49:50Z" finished-at="2018-04-20T10:49:50Z">
          <reporter-output>
          </reporter-output>
        </test-method> <!-- crmLogoImageTest -->
        <test-method status="PASS" signature="tearDown()[pri:0, instance:com.crm.qa.testcases.LoginPageTest@ecd4b]" name="tearDown" is-config="true" duration-ms="815" started-at="2018-04-20T10:49:50Z" finished-at="2018-04-20T10:49:51Z">
          <reporter-output>
          </reporter-output>
        </test-method> <!-- tearDown -->
        <test-method status="PASS" signature="setUp()[pri:0, instance:com.crm.qa.testcases.LoginPageTest@ecd4b]" name="setUp" is-config="true" duration-ms="12962" started-at="2018-04-20T10:49:51Z" finished-at="2018-04-20T10:50:04Z">
          <reporter-output>
          </reporter-output>
        </test-method> <!-- setUp -->
        <test-method status="PASS" signature="loginTest()[pri:3, instance:com.crm.qa.testcases.LoginPageTest@ecd4b]" name="loginTest" duration-ms="11495" started-at="2018-04-20T10:50:04Z" finished-at="2018-04-20T10:50:15Z">
          <reporter-output>
          </reporter-output>
        </test-method> <!-- loginTest -->
        <test-method status="PASS" signature="tearDown()[pri:0, instance:com.crm.qa.testcases.LoginPageTest@ecd4b]" name="tearDown" is-config="true" duration-ms="949" started-at="2018-04-20T10:50:15Z" finished-at="2018-04-20T10:50:16Z">
          <reporter-output>
          </reporter-output>
        </test-method> <!-- tearDown -->
      </class> <!-- com.crm.qa.testcases.LoginPageTest -->
    </test> <!-- Free CRM APP Test Cases -->
  </suite> <!-- FREE CRM Application Test Automation Test Suite -->
</testng-results>
